2026-03-09 20:28:07.507 +01:00 [INF] Now listening on: http://localhost:5062
2026-03-09 20:28:07.531 +01:00 [INF] Application started. Press Ctrl+C to shut down.
2026-03-09 20:28:07.532 +01:00 [INF] Hosting environment: Development
2026-03-09 20:28:07.532 +01:00 [INF] Content root path: D:\Source\Repos\konqvist\src\Konqvist.Server
2026-03-09 21:06:33.839 +01:00 [INF] Now listening on: https://localhost:7219
2026-03-09 21:06:33.869 +01:00 [INF] Now listening on: http://localhost:5062
2026-03-09 21:06:33.880 +01:00 [INF] No action descriptors found. This may indicate an incorrectly configured application or missing application parts. To learn more, visit https://aka.ms/aspnet/mvc/app-parts
2026-03-09 21:06:33.927 +01:00 [INF] Application started. Press Ctrl+C to shut down.
2026-03-09 21:06:33.929 +01:00 [INF] Hosting environment: Development
2026-03-09 21:06:33.930 +01:00 [INF] Content root path: D:\Source\Repos\konqvist\src\Konqvist.Server
2026-03-09 21:06:55.352 +01:00 [INF] Application is shutting down...
2026-03-09 21:24:30.041 +01:00 [FTL] Application terminated unexpectedly
Microsoft.Extensions.Hosting.HostAbortedException: The host was aborted.
   at Microsoft.Extensions.Hosting.HostFactoryResolver.HostingListener.ThrowHostAborted()
   at Microsoft.Extensions.Hosting.HostFactoryResolver.HostingListener.OnNext(KeyValuePair`2 value)
   at System.Diagnostics.DiagnosticListener.Write(String name, Object value)
   at Microsoft.Extensions.Hosting.HostBuilder.ResolveHost(IServiceProvider serviceProvider, DiagnosticListener diagnosticListener)
   at Microsoft.Extensions.Hosting.HostApplicationBuilder.Build()
   at Microsoft.AspNetCore.Builder.WebApplicationBuilder.Build()
   at Program.<Main>$(String[] args) in D:\Source\Repos\konqvist\src\Konqvist.Server\Program.cs:line 29
2026-03-09 21:25:31.798 +01:00 [INF] Executed DbCommand (8ms) [Parameters=[], CommandType='"Text"', CommandTimeout='30']
PRAGMA journal_mode = 'wal';
2026-03-09 21:25:31.828 +01:00 [INF] Acquiring an exclusive lock for migration application. See https://aka.ms/efcore-docs-migrations-lock for more information if this takes too long.
2026-03-09 21:25:31.834 +01:00 [INF] Executed DbCommand (3ms) [Parameters=[], CommandType='"Text"', CommandTimeout='30']
SELECT COUNT(*) FROM "sqlite_master" WHERE "name" = '__EFMigrationsLock' AND "type" = 'table';
2026-03-09 21:25:31.839 +01:00 [INF] Executed DbCommand (2ms) [Parameters=[], CommandType='"Text"', CommandTimeout='30']
CREATE TABLE IF NOT EXISTS "__EFMigrationsLock" (
    "Id" INTEGER NOT NULL CONSTRAINT "PK___EFMigrationsLock" PRIMARY KEY,
    "Timestamp" TEXT NOT NULL
);
2026-03-09 21:25:31.842 +01:00 [INF] Executed DbCommand (1ms) [Parameters=[], CommandType='"Text"', CommandTimeout='30']
INSERT OR IGNORE INTO "__EFMigrationsLock"("Id", "Timestamp") VALUES(1, '2026-03-09 20:25:31.8415869+00:00');
SELECT changes();
2026-03-09 21:25:31.876 +01:00 [INF] Executed DbCommand (0ms) [Parameters=[], CommandType='"Text"', CommandTimeout='30']
CREATE TABLE IF NOT EXISTS "__EFMigrationsHistory" (
    "MigrationId" TEXT NOT NULL CONSTRAINT "PK___EFMigrationsHistory" PRIMARY KEY,
    "ProductVersion" TEXT NOT NULL
);
2026-03-09 21:25:31.883 +01:00 [INF] Executed DbCommand (0ms) [Parameters=[], CommandType='"Text"', CommandTimeout='30']
SELECT COUNT(*) FROM "sqlite_master" WHERE "name" = '__EFMigrationsHistory' AND "type" = 'table';
2026-03-09 21:25:31.887 +01:00 [INF] Executed DbCommand (0ms) [Parameters=[], CommandType='"Text"', CommandTimeout='30']
SELECT "MigrationId", "ProductVersion"
FROM "__EFMigrationsHistory"
ORDER BY "MigrationId";
2026-03-09 21:25:31.894 +01:00 [INF] Applying migration '20260309202430_1_2_InitialSchema'.
2026-03-09 21:25:31.927 +01:00 [INF] Executed DbCommand (0ms) [Parameters=[], CommandType='"Text"', CommandTimeout='30']
CREATE TABLE "GameTemplates" (
    "Id" INTEGER NOT NULL CONSTRAINT "PK_GameTemplates" PRIMARY KEY AUTOINCREMENT,
    "Name" TEXT NOT NULL,
    "TotalRounds" INTEGER NOT NULL DEFAULT 4,
    "LocationUpdateIntervalSeconds" INTEGER NOT NULL DEFAULT 30,
    "MinLocationUpdateIntervalSeconds" INTEGER NOT NULL DEFAULT 5,
    "VotingDurationSeconds" INTEGER NOT NULL DEFAULT 30,
    "PredictionBonusPoints" INTEGER NOT NULL DEFAULT 150,
    "VoteTimeoutPenalty" INTEGER NOT NULL,
    "DistrictCaptureRadiusMeters" REAL NOT NULL DEFAULT 50.0
);
2026-03-09 21:25:31.930 +01:00 [INF] Executed DbCommand (0ms) [Parameters=[], CommandType='"Text"', CommandTimeout='30']
CREATE TABLE "DistrictTemplates" (
    "Id" INTEGER NOT NULL CONSTRAINT "PK_DistrictTemplates" PRIMARY KEY AUTOINCREMENT,
    "GameTemplateId" INTEGER NOT NULL,
    "Name" TEXT NOT NULL,
    "GeoJson" TEXT NOT NULL,
    "TriggerLat" REAL NOT NULL,
    "TriggerLng" REAL NOT NULL,
    "TriggerRadiusMeters" REAL NULL,
    "Gold" INTEGER NOT NULL,
    "Voters" INTEGER NOT NULL,
    "Likes" INTEGER NOT NULL,
    "Oil" INTEGER NOT NULL,
    CONSTRAINT "FK_DistrictTemplates_GameTemplates_GameTemplateId" FOREIGN KEY ("GameTemplateId") REFERENCES "GameTemplates" ("Id") ON DELETE CASCADE
);
2026-03-09 21:25:31.931 +01:00 [INF] Executed DbCommand (0ms) [Parameters=[], CommandType='"Text"', CommandTimeout='30']
CREATE TABLE "RoundTemplates" (
    "Id" INTEGER NOT NULL CONSTRAINT "PK_RoundTemplates" PRIMARY KEY AUTOINCREMENT,
    "GameTemplateId" INTEGER NOT NULL,
    "RoundNumber" INTEGER NOT NULL,
    "RoiResource" TEXT NOT NULL,
    "Stake" TEXT NOT NULL,
    CONSTRAINT "FK_RoundTemplates_GameTemplates_GameTemplateId" FOREIGN KEY ("GameTemplateId") REFERENCES "GameTemplates" ("Id") ON DELETE CASCADE
);
2026-03-09 21:25:31.933 +01:00 [INF] Executed DbCommand (0ms) [Parameters=[], CommandType='"Text"', CommandTimeout='30']
CREATE TABLE "TeamTemplates" (
    "Id" INTEGER NOT NULL CONSTRAINT "PK_TeamTemplates" PRIMARY KEY AUTOINCREMENT,
    "GameTemplateId" INTEGER NOT NULL,
    "Name" TEXT NOT NULL,
    "Color" TEXT NOT NULL,
    CONSTRAINT "FK_TeamTemplates_GameTemplates_GameTemplateId" FOREIGN KEY ("GameTemplateId") REFERENCES "GameTemplates" ("Id") ON DELETE CASCADE
);
2026-03-09 21:25:31.934 +01:00 [INF] Executed DbCommand (0ms) [Parameters=[], CommandType='"Text"', CommandTimeout='30']
CREATE TABLE "PlayerTemplates" (
    "Id" INTEGER NOT NULL CONSTRAINT "PK_PlayerTemplates" PRIMARY KEY AUTOINCREMENT,
    "TeamTemplateId" INTEGER NOT NULL,
    "LoginToken" TEXT NOT NULL,
    "Role" TEXT NOT NULL,
    CONSTRAINT "FK_PlayerTemplates_TeamTemplates_TeamTemplateId" FOREIGN KEY ("TeamTemplateId") REFERENCES "TeamTemplates" ("Id") ON DELETE CASCADE
);
2026-03-09 21:25:31.935 +01:00 [INF] Executed DbCommand (0ms) [Parameters=[], CommandType='"Text"', CommandTimeout='30']
CREATE TABLE "DistrictOwnershipSnapshots" (
    "Id" INTEGER NOT NULL CONSTRAINT "PK_DistrictOwnershipSnapshots" PRIMARY KEY AUTOINCREMENT,
    "RoundSessionId" INTEGER NOT NULL,
    "DistrictSessionId" INTEGER NOT NULL,
    "OwnerTeamSessionId" INTEGER NULL,
    "Phase" TEXT NOT NULL,
    "SnapshotTaken" TEXT NOT NULL,
    CONSTRAINT "FK_DistrictOwnershipSnapshots_DistrictSessions_DistrictSessionId" FOREIGN KEY ("DistrictSessionId") REFERENCES "DistrictSessions" ("Id") ON DELETE CASCADE,
    CONSTRAINT "FK_DistrictOwnershipSnapshots_RoundSessions_RoundSessionId" FOREIGN KEY ("RoundSessionId") REFERENCES "RoundSessions" ("Id") ON DELETE CASCADE,
    CONSTRAINT "FK_DistrictOwnershipSnapshots_TeamSessions_OwnerTeamSessionId" FOREIGN KEY ("OwnerTeamSessionId") REFERENCES "TeamSessions" ("Id") ON DELETE SET NULL
);
2026-03-09 21:25:31.937 +01:00 [INF] Executed DbCommand (0ms) [Parameters=[], CommandType='"Text"', CommandTimeout='30']
CREATE TABLE "DistrictSessions" (
    "Id" INTEGER NOT NULL CONSTRAINT "PK_DistrictSessions" PRIMARY KEY AUTOINCREMENT,
    "GameSessionId" INTEGER NOT NULL,
    "DistrictTemplateId" INTEGER NOT NULL,
    "CurrentOwnerTeamSessionId" INTEGER NULL,
    "IsClaimedThisRound" INTEGER NOT NULL DEFAULT 0,
    "LastClaimedAt" TEXT NULL,
    CONSTRAINT "FK_DistrictSessions_DistrictTemplates_DistrictTemplateId" FOREIGN KEY ("DistrictTemplateId") REFERENCES "DistrictTemplates" ("Id") ON DELETE RESTRICT,
    CONSTRAINT "FK_DistrictSessions_GameSessions_GameSessionId" FOREIGN KEY ("GameSessionId") REFERENCES "GameSessions" ("Id") ON DELETE CASCADE,
    CONSTRAINT "FK_DistrictSessions_TeamSessions_CurrentOwnerTeamSessionId" FOREIGN KEY ("CurrentOwnerTeamSessionId") REFERENCES "TeamSessions" ("Id") ON DELETE SET NULL
);
2026-03-09 21:25:31.939 +01:00 [INF] Executed DbCommand (0ms) [Parameters=[], CommandType='"Text"', CommandTimeout='30']
CREATE TABLE "GameEvents" (
    "Id" INTEGER NOT NULL CONSTRAINT "PK_GameEvents" PRIMARY KEY AUTOINCREMENT,
    "GameSessionId" INTEGER NOT NULL,
    "RoundSessionId" INTEGER NULL,
    "EventType" TEXT NOT NULL,
    "Payload" TEXT NOT NULL,
    "OccurredAt" TEXT NOT NULL,
    "ActorPlayerSessionId" INTEGER NULL,
    CONSTRAINT "FK_GameEvents_GameSessions_GameSessionId" FOREIGN KEY ("GameSessionId") REFERENCES "GameSessions" ("Id") ON DELETE CASCADE,
    CONSTRAINT "FK_GameEvents_PlayerSessions_ActorPlayerSessionId" FOREIGN KEY ("ActorPlayerSessionId") REFERENCES "PlayerSessions" ("Id") ON DELETE SET NULL,
    CONSTRAINT "FK_GameEvents_RoundSessions_RoundSessionId" FOREIGN KEY ("RoundSessionId") REFERENCES "RoundSessions" ("Id") ON DELETE CASCADE
);
2026-03-09 21:25:31.940 +01:00 [INF] Executed DbCommand (0ms) [Parameters=[], CommandType='"Text"', CommandTimeout='30']
CREATE TABLE "GameSessions" (
    "Id" INTEGER NOT NULL CONSTRAINT "PK_GameSessions" PRIMARY KEY AUTOINCREMENT,
    "GameTemplateId" INTEGER NOT NULL,
    "Status" TEXT NOT NULL DEFAULT 'Pending',
    "CurrentPhase" TEXT NOT NULL DEFAULT 'WaitingForPlayers',
    "StartedAt" TEXT NULL,
    "FinishedAt" TEXT NULL,
    "CurrentRoundSessionId" INTEGER NULL,
    CONSTRAINT "FK_GameSessions_GameTemplates_GameTemplateId" FOREIGN KEY ("GameTemplateId") REFERENCES "GameTemplates" ("Id") ON DELETE RESTRICT,
    CONSTRAINT "FK_GameSessions_RoundSessions_CurrentRoundSessionId" FOREIGN KEY ("CurrentRoundSessionId") REFERENCES "RoundSessions" ("Id") ON DELETE SET NULL
);
2026-03-09 21:25:31.941 +01:00 [INF] Executed DbCommand (0ms) [Parameters=[], CommandType='"Text"', CommandTimeout='30']
CREATE TABLE "PlayerSessions" (
    "Id" INTEGER NOT NULL CONSTRAINT "PK_PlayerSessions" PRIMARY KEY AUTOINCREMENT,
    "GameSessionId" INTEGER NOT NULL,
    "PlayerTemplateId" INTEGER NOT NULL,
    "IsLoggedIn" INTEGER NOT NULL DEFAULT 0,
    "IsOnline" INTEGER NOT NULL DEFAULT 0,
    "LastSeen" TEXT NULL,
    "LocationLat" REAL NULL,
    "LocationLng" REAL NULL,
    "LocationUpdatedAt" TEXT NULL,
    CONSTRAINT "FK_PlayerSessions_GameSessions_GameSessionId" FOREIGN KEY ("GameSessionId") REFERENCES "GameSessions" ("Id") ON DELETE CASCADE,
    CONSTRAINT "FK_PlayerSessions_PlayerTemplates_PlayerTemplateId" FOREIGN KEY ("PlayerTemplateId") REFERENCES "PlayerTemplates" ("Id") ON DELETE RESTRICT
);
2026-03-09 21:25:31.944 +01:00 [INF] Executed DbCommand (0ms) [Parameters=[], CommandType='"Text"', CommandTimeout='30']
CREATE TABLE "TeamSessions" (
    "Id" INTEGER NOT NULL CONSTRAINT "PK_TeamSessions" PRIMARY KEY AUTOINCREMENT,
    "GameSessionId" INTEGER NOT NULL,
    "TeamTemplateId" INTEGER NOT NULL,
    "TotalScore" INTEGER NOT NULL DEFAULT 0,
    "TotalGold" INTEGER NOT NULL DEFAULT 0,
    "TotalVoters" INTEGER NOT NULL DEFAULT 0,
    "TotalLikes" INTEGER NOT NULL DEFAULT 0,
    "TotalOil" INTEGER NOT NULL DEFAULT 0,
    CONSTRAINT "FK_TeamSessions_GameSessions_GameSessionId" FOREIGN KEY ("GameSessionId") REFERENCES "GameSessions" ("Id") ON DELETE CASCADE,
    CONSTRAINT "FK_TeamSessions_TeamTemplates_TeamTemplateId" FOREIGN KEY ("TeamTemplateId") REFERENCES "TeamTemplates" ("Id") ON DELETE RESTRICT
);
2026-03-09 21:25:31.945 +01:00 [INF] Executed DbCommand (0ms) [Parameters=[], CommandType='"Text"', CommandTimeout='30']
CREATE TABLE "RoundSessions" (
    "Id" INTEGER NOT NULL CONSTRAINT "PK_RoundSessions" PRIMARY KEY AUTOINCREMENT,
    "GameSessionId" INTEGER NOT NULL,
    "RoundTemplateId" INTEGER NOT NULL,
    "Status" TEXT NOT NULL DEFAULT 'Gathering',
    "VotingEnabled" INTEGER NOT NULL DEFAULT 0,
    "VotingStartedAt" TEXT NULL,
    "WinnerTeamSessionId" INTEGER NULL,
    CONSTRAINT "FK_RoundSessions_GameSessions_GameSessionId" FOREIGN KEY ("GameSessionId") REFERENCES "GameSessions" ("Id") ON DELETE CASCADE,
    CONSTRAINT "FK_RoundSessions_RoundTemplates_RoundTemplateId" FOREIGN KEY ("RoundTemplateId") REFERENCES "RoundTemplates" ("Id") ON DELETE RESTRICT,
    CONSTRAINT "FK_RoundSessions_TeamSessions_WinnerTeamSessionId" FOREIGN KEY ("WinnerTeamSessionId") REFERENCES "TeamSessions" ("Id") ON DELETE SET NULL
);
2026-03-09 21:25:31.947 +01:00 [INF] Executed DbCommand (0ms) [Parameters=[], CommandType='"Text"', CommandTimeout='30']
CREATE TABLE "RoundSnapshots" (
    "Id" INTEGER NOT NULL CONSTRAINT "PK_RoundSnapshots" PRIMARY KEY AUTOINCREMENT,
    "RoundSessionId" INTEGER NOT NULL,
    "TeamSessionId" INTEGER NOT NULL,
    "Phase" TEXT NOT NULL,
    "Score" INTEGER NOT NULL,
    "Gold" INTEGER NOT NULL,
    "Voters" INTEGER NOT NULL,
    "Likes" INTEGER NOT NULL,
    "Oil" INTEGER NOT NULL,
    "SnapshotTaken" TEXT NOT NULL,
    CONSTRAINT "FK_RoundSnapshots_RoundSessions_RoundSessionId" FOREIGN KEY ("RoundSessionId") REFERENCES "RoundSessions" ("Id") ON DELETE CASCADE,
    CONSTRAINT "FK_RoundSnapshots_TeamSessions_TeamSessionId" FOREIGN KEY ("TeamSessionId") REFERENCES "TeamSessions" ("Id") ON DELETE CASCADE
);
2026-03-09 21:25:31.949 +01:00 [INF] Executed DbCommand (0ms) [Parameters=[], CommandType='"Text"', CommandTimeout='30']
CREATE TABLE "Votes" (
    "Id" INTEGER NOT NULL CONSTRAINT "PK_Votes" PRIMARY KEY AUTOINCREMENT,
    "RoundSessionId" INTEGER NOT NULL,
    "VotingTeamSessionId" INTEGER NOT NULL,
    "TargetTeamSessionId" INTEGER NOT NULL,
    "VoteValue" INTEGER NOT NULL,
    "IsAutocast" INTEGER NOT NULL DEFAULT 0,
    "CastAt" TEXT NOT NULL,
    CONSTRAINT "FK_Votes_RoundSessions_RoundSessionId" FOREIGN KEY ("RoundSessionId") REFERENCES "RoundSessions" ("Id") ON DELETE CASCADE,
    CONSTRAINT "FK_Votes_TeamSessions_TargetTeamSessionId" FOREIGN KEY ("TargetTeamSessionId") REFERENCES "TeamSessions" ("Id") ON DELETE RESTRICT,
    CONSTRAINT "FK_Votes_TeamSessions_VotingTeamSessionId" FOREIGN KEY ("VotingTeamSessionId") REFERENCES "TeamSessions" ("Id") ON DELETE RESTRICT
);
2026-03-09 21:25:31.950 +01:00 [INF] Executed DbCommand (0ms) [Parameters=[], CommandType='"Text"', CommandTimeout='30']
INSERT INTO "GameTemplates" ("Id", "DistrictCaptureRadiusMeters", "LocationUpdateIntervalSeconds", "MinLocationUpdateIntervalSeconds", "Name", "PredictionBonusPoints", "TotalRounds", "VoteTimeoutPenalty", "VotingDurationSeconds")
VALUES (1, 50.0, 30, 5, 'Demo Game', 150, 2, 50, 30);
SELECT changes();
2026-03-09 21:25:31.951 +01:00 [INF] Executed DbCommand (0ms) [Parameters=[], CommandType='"Text"', CommandTimeout='30']
INSERT INTO "RoundTemplates" ("Id", "GameTemplateId", "RoiResource", "RoundNumber", "Stake")
VALUES (1, 1, 'Gold', 1, 'Gold grant doubles for the winning team this round.');
SELECT changes();

INSERT INTO "RoundTemplates" ("Id", "GameTemplateId", "RoiResource", "RoundNumber", "Stake")
VALUES (2, 1, 'Voters', 2, 'Winning team gains a voter momentum bonus.');
SELECT changes();
2026-03-09 21:25:31.953 +01:00 [INF] Executed DbCommand (0ms) [Parameters=[], CommandType='"Text"', CommandTimeout='30']
INSERT INTO "TeamTemplates" ("Id", "Color", "GameTemplateId", "Name")
VALUES (1, '#1E88E5', 1, 'Alpha');
SELECT changes();

INSERT INTO "TeamTemplates" ("Id", "Color", "GameTemplateId", "Name")
VALUES (2, '#E53935', 1, 'Bravo');
SELECT changes();
2026-03-09 21:25:31.955 +01:00 [INF] Executed DbCommand (0ms) [Parameters=[], CommandType='"Text"', CommandTimeout='30']
INSERT INTO "PlayerTemplates" ("Id", "LoginToken", "Role", "TeamTemplateId")
VALUES (1, 'ALPHA_RUNNER', 'Runner', 1);
SELECT changes();

INSERT INTO "PlayerTemplates" ("Id", "LoginToken", "Role", "TeamTemplateId")
VALUES (2, 'ALPHA_LEADER', 'TeamLeader', 1);
SELECT changes();

INSERT INTO "PlayerTemplates" ("Id", "LoginToken", "Role", "TeamTemplateId")
VALUES (3, 'BRAVO_RUNNER', 'Runner', 2);
SELECT changes();

INSERT INTO "PlayerTemplates" ("Id", "LoginToken", "Role", "TeamTemplateId")
VALUES (4, 'BRAVO_LEADER', 'TeamLeader', 2);
SELECT changes();

INSERT INTO "PlayerTemplates" ("Id", "LoginToken", "Role", "TeamTemplateId")
VALUES (5, 'GM_DEMO', 'GameMaster', 1);
SELECT changes();
2026-03-09 21:25:31.956 +01:00 [INF] Executed DbCommand (0ms) [Parameters=[], CommandType='"Text"', CommandTimeout='30']
CREATE INDEX "IX_DistrictOwnershipSnapshots_DistrictSessionId" ON "DistrictOwnershipSnapshots" ("DistrictSessionId");
2026-03-09 21:25:31.957 +01:00 [INF] Executed DbCommand (0ms) [Parameters=[], CommandType='"Text"', CommandTimeout='30']
CREATE INDEX "IX_DistrictOwnershipSnapshots_OwnerTeamSessionId" ON "DistrictOwnershipSnapshots" ("OwnerTeamSessionId");
2026-03-09 21:25:31.958 +01:00 [INF] Executed DbCommand (0ms) [Parameters=[], CommandType='"Text"', CommandTimeout='30']
CREATE UNIQUE INDEX "IX_DistrictOwnershipSnapshots_RoundSessionId_DistrictSessionId_Phase" ON "DistrictOwnershipSnapshots" ("RoundSessionId", "DistrictSessionId", "Phase");
2026-03-09 21:25:31.961 +01:00 [INF] Executed DbCommand (0ms) [Parameters=[], CommandType='"Text"', CommandTimeout='30']
CREATE INDEX "IX_DistrictSessions_CurrentOwnerTeamSessionId" ON "DistrictSessions" ("CurrentOwnerTeamSessionId");
2026-03-09 21:25:31.963 +01:00 [INF] Executed DbCommand (0ms) [Parameters=[], CommandType='"Text"', CommandTimeout='30']
CREATE INDEX "IX_DistrictSessions_DistrictTemplateId" ON "DistrictSessions" ("DistrictTemplateId");
2026-03-09 21:25:31.964 +01:00 [INF] Executed DbCommand (0ms) [Parameters=[], CommandType='"Text"', CommandTimeout='30']
CREATE INDEX "IX_DistrictSessions_GameSessionId" ON "DistrictSessions" ("GameSessionId");
2026-03-09 21:25:31.965 +01:00 [INF] Executed DbCommand (0ms) [Parameters=[], CommandType='"Text"', CommandTimeout='30']
CREATE INDEX "IX_DistrictTemplates_GameTemplateId" ON "DistrictTemplates" ("GameTemplateId");
2026-03-09 21:25:31.966 +01:00 [INF] Executed DbCommand (0ms) [Parameters=[], CommandType='"Text"', CommandTimeout='30']
CREATE INDEX "IX_GameEvents_ActorPlayerSessionId" ON "GameEvents" ("ActorPlayerSessionId");
2026-03-09 21:25:31.968 +01:00 [INF] Executed DbCommand (0ms) [Parameters=[], CommandType='"Text"', CommandTimeout='30']
CREATE INDEX "IX_GameEvents_GameSessionId" ON "GameEvents" ("GameSessionId");
2026-03-09 21:25:31.969 +01:00 [INF] Executed DbCommand (0ms) [Parameters=[], CommandType='"Text"', CommandTimeout='30']
CREATE INDEX "IX_GameEvents_RoundSessionId" ON "GameEvents" ("RoundSessionId");
2026-03-09 21:25:31.971 +01:00 [INF] Executed DbCommand (0ms) [Parameters=[], CommandType='"Text"', CommandTimeout='30']
CREATE INDEX "IX_GameSessions_CurrentRoundSessionId" ON "GameSessions" ("CurrentRoundSessionId");
2026-03-09 21:25:31.972 +01:00 [INF] Executed DbCommand (0ms) [Parameters=[], CommandType='"Text"', CommandTimeout='30']
CREATE INDEX "IX_GameSessions_GameTemplateId" ON "GameSessions" ("GameTemplateId");
2026-03-09 21:25:31.973 +01:00 [INF] Executed DbCommand (0ms) [Parameters=[], CommandType='"Text"', CommandTimeout='30']
CREATE INDEX "IX_PlayerSessions_GameSessionId" ON "PlayerSessions" ("GameSessionId");
2026-03-09 21:25:31.975 +01:00 [INF] Executed DbCommand (0ms) [Parameters=[], CommandType='"Text"', CommandTimeout='30']
CREATE INDEX "IX_PlayerSessions_PlayerTemplateId" ON "PlayerSessions" ("PlayerTemplateId");
2026-03-09 21:25:31.976 +01:00 [INF] Executed DbCommand (0ms) [Parameters=[], CommandType='"Text"', CommandTimeout='30']
CREATE UNIQUE INDEX "IX_PlayerTemplates_LoginToken" ON "PlayerTemplates" ("LoginToken");
2026-03-09 21:25:31.978 +01:00 [INF] Executed DbCommand (0ms) [Parameters=[], CommandType='"Text"', CommandTimeout='30']
CREATE INDEX "IX_PlayerTemplates_TeamTemplateId" ON "PlayerTemplates" ("TeamTemplateId");
2026-03-09 21:25:31.979 +01:00 [INF] Executed DbCommand (0ms) [Parameters=[], CommandType='"Text"', CommandTimeout='30']
CREATE INDEX "IX_RoundSessions_GameSessionId" ON "RoundSessions" ("GameSessionId");
2026-03-09 21:25:31.980 +01:00 [INF] Executed DbCommand (0ms) [Parameters=[], CommandType='"Text"', CommandTimeout='30']
CREATE INDEX "IX_RoundSessions_RoundTemplateId" ON "RoundSessions" ("RoundTemplateId");
2026-03-09 21:25:31.982 +01:00 [INF] Executed DbCommand (0ms) [Parameters=[], CommandType='"Text"', CommandTimeout='30']
CREATE INDEX "IX_RoundSessions_WinnerTeamSessionId" ON "RoundSessions" ("WinnerTeamSessionId");
2026-03-09 21:25:31.984 +01:00 [INF] Executed DbCommand (0ms) [Parameters=[], CommandType='"Text"', CommandTimeout='30']
CREATE UNIQUE INDEX "IX_RoundSnapshots_RoundSessionId_TeamSessionId_Phase" ON "RoundSnapshots" ("RoundSessionId", "TeamSessionId", "Phase");
2026-03-09 21:25:31.985 +01:00 [INF] Executed DbCommand (0ms) [Parameters=[], CommandType='"Text"', CommandTimeout='30']
CREATE INDEX "IX_RoundSnapshots_TeamSessionId" ON "RoundSnapshots" ("TeamSessionId");
2026-03-09 21:25:31.986 +01:00 [INF] Executed DbCommand (0ms) [Parameters=[], CommandType='"Text"', CommandTimeout='30']
CREATE UNIQUE INDEX "IX_RoundTemplates_GameTemplateId_RoundNumber" ON "RoundTemplates" ("GameTemplateId", "RoundNumber");
2026-03-09 21:25:31.988 +01:00 [INF] Executed DbCommand (0ms) [Parameters=[], CommandType='"Text"', CommandTimeout='30']
CREATE INDEX "IX_TeamSessions_GameSessionId" ON "TeamSessions" ("GameSessionId");
2026-03-09 21:25:31.989 +01:00 [INF] Executed DbCommand (0ms) [Parameters=[], CommandType='"Text"', CommandTimeout='30']
CREATE INDEX "IX_TeamSessions_TeamTemplateId" ON "TeamSessions" ("TeamTemplateId");
2026-03-09 21:25:31.991 +01:00 [INF] Executed DbCommand (0ms) [Parameters=[], CommandType='"Text"', CommandTimeout='30']
CREATE UNIQUE INDEX "IX_TeamTemplates_GameTemplateId_Name" ON "TeamTemplates" ("GameTemplateId", "Name");
2026-03-09 21:25:31.992 +01:00 [INF] Executed DbCommand (0ms) [Parameters=[], CommandType='"Text"', CommandTimeout='30']
CREATE UNIQUE INDEX "IX_Votes_RoundSessionId_VotingTeamSessionId" ON "Votes" ("RoundSessionId", "VotingTeamSessionId");
2026-03-09 21:25:31.994 +01:00 [INF] Executed DbCommand (0ms) [Parameters=[], CommandType='"Text"', CommandTimeout='30']
CREATE INDEX "IX_Votes_TargetTeamSessionId" ON "Votes" ("TargetTeamSessionId");
2026-03-09 21:25:31.995 +01:00 [INF] Executed DbCommand (0ms) [Parameters=[], CommandType='"Text"', CommandTimeout='30']
CREATE INDEX "IX_Votes_VotingTeamSessionId" ON "Votes" ("VotingTeamSessionId");
2026-03-09 21:25:31.997 +01:00 [INF] Executed DbCommand (0ms) [Parameters=[], CommandType='"Text"', CommandTimeout='30']
INSERT INTO "__EFMigrationsHistory" ("MigrationId", "ProductVersion")
VALUES ('20260309202430_1_2_InitialSchema', '10.0.3');
2026-03-09 21:25:32.000 +01:00 [INF] Executed DbCommand (0ms) [Parameters=[], CommandType='"Text"', CommandTimeout='30']
DELETE FROM "__EFMigrationsLock";
2026-03-09 21:25:32.048 +01:00 [INF] Now listening on: http://localhost:5062
2026-03-09 21:25:32.050 +01:00 [INF] Application started. Press Ctrl+C to shut down.
2026-03-09 21:25:32.052 +01:00 [INF] Hosting environment: Development
2026-03-09 21:25:32.052 +01:00 [INF] Content root path: D:\Source\Repos\konqvist\src\Konqvist.Server
2026-03-09 21:27:51.820 +01:00 [INF] Executed DbCommand (7ms) [Parameters=[], CommandType='"Text"', CommandTimeout='30']
PRAGMA journal_mode = 'wal';
2026-03-09 21:27:51.847 +01:00 [INF] Acquiring an exclusive lock for migration application. See https://aka.ms/efcore-docs-migrations-lock for more information if this takes too long.
2026-03-09 21:27:51.852 +01:00 [INF] Executed DbCommand (3ms) [Parameters=[], CommandType='"Text"', CommandTimeout='30']
SELECT COUNT(*) FROM "sqlite_master" WHERE "name" = '__EFMigrationsLock' AND "type" = 'table';
2026-03-09 21:27:51.855 +01:00 [INF] Executed DbCommand (1ms) [Parameters=[], CommandType='"Text"', CommandTimeout='30']
CREATE TABLE IF NOT EXISTS "__EFMigrationsLock" (
    "Id" INTEGER NOT NULL CONSTRAINT "PK___EFMigrationsLock" PRIMARY KEY,
    "Timestamp" TEXT NOT NULL
);
2026-03-09 21:27:51.857 +01:00 [INF] Executed DbCommand (1ms) [Parameters=[], CommandType='"Text"', CommandTimeout='30']
INSERT OR IGNORE INTO "__EFMigrationsLock"("Id", "Timestamp") VALUES(1, '2026-03-09 20:27:51.8567722+00:00');
SELECT changes();
2026-03-09 21:27:51.890 +01:00 [INF] Executed DbCommand (0ms) [Parameters=[], CommandType='"Text"', CommandTimeout='30']
CREATE TABLE IF NOT EXISTS "__EFMigrationsHistory" (
    "MigrationId" TEXT NOT NULL CONSTRAINT "PK___EFMigrationsHistory" PRIMARY KEY,
    "ProductVersion" TEXT NOT NULL
);
2026-03-09 21:27:51.896 +01:00 [INF] Executed DbCommand (0ms) [Parameters=[], CommandType='"Text"', CommandTimeout='30']
SELECT COUNT(*) FROM "sqlite_master" WHERE "name" = '__EFMigrationsHistory' AND "type" = 'table';
2026-03-09 21:27:51.898 +01:00 [INF] Executed DbCommand (0ms) [Parameters=[], CommandType='"Text"', CommandTimeout='30']
SELECT "MigrationId", "ProductVersion"
FROM "__EFMigrationsHistory"
ORDER BY "MigrationId";
2026-03-09 21:27:51.904 +01:00 [INF] Applying migration '20260309202430_1_2_InitialSchema'.
2026-03-09 21:27:51.934 +01:00 [INF] Executed DbCommand (0ms) [Parameters=[], CommandType='"Text"', CommandTimeout='30']
CREATE TABLE "GameTemplates" (
    "Id" INTEGER NOT NULL CONSTRAINT "PK_GameTemplates" PRIMARY KEY AUTOINCREMENT,
    "Name" TEXT NOT NULL,
    "TotalRounds" INTEGER NOT NULL DEFAULT 4,
    "LocationUpdateIntervalSeconds" INTEGER NOT NULL DEFAULT 30,
    "MinLocationUpdateIntervalSeconds" INTEGER NOT NULL DEFAULT 5,
    "VotingDurationSeconds" INTEGER NOT NULL DEFAULT 30,
    "PredictionBonusPoints" INTEGER NOT NULL DEFAULT 150,
    "VoteTimeoutPenalty" INTEGER NOT NULL,
    "DistrictCaptureRadiusMeters" REAL NOT NULL DEFAULT 50.0
);
2026-03-09 21:27:51.936 +01:00 [INF] Executed DbCommand (0ms) [Parameters=[], CommandType='"Text"', CommandTimeout='30']
CREATE TABLE "DistrictTemplates" (
    "Id" INTEGER NOT NULL CONSTRAINT "PK_DistrictTemplates" PRIMARY KEY AUTOINCREMENT,
    "GameTemplateId" INTEGER NOT NULL,
    "Name" TEXT NOT NULL,
    "GeoJson" TEXT NOT NULL,
    "TriggerLat" REAL NOT NULL,
    "TriggerLng" REAL NOT NULL,
    "TriggerRadiusMeters" REAL NULL,
    "Gold" INTEGER NOT NULL,
    "Voters" INTEGER NOT NULL,
    "Likes" INTEGER NOT NULL,
    "Oil" INTEGER NOT NULL,
    CONSTRAINT "FK_DistrictTemplates_GameTemplates_GameTemplateId" FOREIGN KEY ("GameTemplateId") REFERENCES "GameTemplates" ("Id") ON DELETE CASCADE
);
2026-03-09 21:27:51.937 +01:00 [INF] Executed DbCommand (0ms) [Parameters=[], CommandType='"Text"', CommandTimeout='30']
CREATE TABLE "RoundTemplates" (
    "Id" INTEGER NOT NULL CONSTRAINT "PK_RoundTemplates" PRIMARY KEY AUTOINCREMENT,
    "GameTemplateId" INTEGER NOT NULL,
    "RoundNumber" INTEGER NOT NULL,
    "RoiResource" TEXT NOT NULL,
    "Stake" TEXT NOT NULL,
    CONSTRAINT "FK_RoundTemplates_GameTemplates_GameTemplateId" FOREIGN KEY ("GameTemplateId") REFERENCES "GameTemplates" ("Id") ON DELETE CASCADE
);
2026-03-09 21:27:51.938 +01:00 [INF] Executed DbCommand (0ms) [Parameters=[], CommandType='"Text"', CommandTimeout='30']
CREATE TABLE "TeamTemplates" (
    "Id" INTEGER NOT NULL CONSTRAINT "PK_TeamTemplates" PRIMARY KEY AUTOINCREMENT,
    "GameTemplateId" INTEGER NOT NULL,
    "Name" TEXT NOT NULL,
    "Color" TEXT NOT NULL,
    CONSTRAINT "FK_TeamTemplates_GameTemplates_GameTemplateId" FOREIGN KEY ("GameTemplateId") REFERENCES "GameTemplates" ("Id") ON DELETE CASCADE
);
2026-03-09 21:27:51.939 +01:00 [INF] Executed DbCommand (0ms) [Parameters=[], CommandType='"Text"', CommandTimeout='30']
CREATE TABLE "PlayerTemplates" (
    "Id" INTEGER NOT NULL CONSTRAINT "PK_PlayerTemplates" PRIMARY KEY AUTOINCREMENT,
    "TeamTemplateId" INTEGER NOT NULL,
    "LoginToken" TEXT NOT NULL,
    "Role" TEXT NOT NULL,
    CONSTRAINT "FK_PlayerTemplates_TeamTemplates_TeamTemplateId" FOREIGN KEY ("TeamTemplateId") REFERENCES "TeamTemplates" ("Id") ON DELETE CASCADE
);
2026-03-09 21:27:51.941 +01:00 [INF] Executed DbCommand (0ms) [Parameters=[], CommandType='"Text"', CommandTimeout='30']
CREATE TABLE "DistrictOwnershipSnapshots" (
    "Id" INTEGER NOT NULL CONSTRAINT "PK_DistrictOwnershipSnapshots" PRIMARY KEY AUTOINCREMENT,
    "RoundSessionId" INTEGER NOT NULL,
    "DistrictSessionId" INTEGER NOT NULL,
    "OwnerTeamSessionId" INTEGER NULL,
    "Phase" TEXT NOT NULL,
    "SnapshotTaken" TEXT NOT NULL,
    CONSTRAINT "FK_DistrictOwnershipSnapshots_DistrictSessions_DistrictSessionId" FOREIGN KEY ("DistrictSessionId") REFERENCES "DistrictSessions" ("Id") ON DELETE CASCADE,
    CONSTRAINT "FK_DistrictOwnershipSnapshots_RoundSessions_RoundSessionId" FOREIGN KEY ("RoundSessionId") REFERENCES "RoundSessions" ("Id") ON DELETE CASCADE,
    CONSTRAINT "FK_DistrictOwnershipSnapshots_TeamSessions_OwnerTeamSessionId" FOREIGN KEY ("OwnerTeamSessionId") REFERENCES "TeamSessions" ("Id") ON DELETE SET NULL
);
2026-03-09 21:27:51.942 +01:00 [INF] Executed DbCommand (0ms) [Parameters=[], CommandType='"Text"', CommandTimeout='30']
CREATE TABLE "DistrictSessions" (
    "Id" INTEGER NOT NULL CONSTRAINT "PK_DistrictSessions" PRIMARY KEY AUTOINCREMENT,
    "GameSessionId" INTEGER NOT NULL,
    "DistrictTemplateId" INTEGER NOT NULL,
    "CurrentOwnerTeamSessionId" INTEGER NULL,
    "IsClaimedThisRound" INTEGER NOT NULL DEFAULT 0,
    "LastClaimedAt" TEXT NULL,
    CONSTRAINT "FK_DistrictSessions_DistrictTemplates_DistrictTemplateId" FOREIGN KEY ("DistrictTemplateId") REFERENCES "DistrictTemplates" ("Id") ON DELETE RESTRICT,
    CONSTRAINT "FK_DistrictSessions_GameSessions_GameSessionId" FOREIGN KEY ("GameSessionId") REFERENCES "GameSessions" ("Id") ON DELETE CASCADE,
    CONSTRAINT "FK_DistrictSessions_TeamSessions_CurrentOwnerTeamSessionId" FOREIGN KEY ("CurrentOwnerTeamSessionId") REFERENCES "TeamSessions" ("Id") ON DELETE SET NULL
);
2026-03-09 21:27:51.943 +01:00 [INF] Executed DbCommand (0ms) [Parameters=[], CommandType='"Text"', CommandTimeout='30']
CREATE TABLE "GameEvents" (
    "Id" INTEGER NOT NULL CONSTRAINT "PK_GameEvents" PRIMARY KEY AUTOINCREMENT,
    "GameSessionId" INTEGER NOT NULL,
    "RoundSessionId" INTEGER NULL,
    "EventType" TEXT NOT NULL,
    "Payload" TEXT NOT NULL,
    "OccurredAt" TEXT NOT NULL,
    "ActorPlayerSessionId" INTEGER NULL,
    CONSTRAINT "FK_GameEvents_GameSessions_GameSessionId" FOREIGN KEY ("GameSessionId") REFERENCES "GameSessions" ("Id") ON DELETE CASCADE,
    CONSTRAINT "FK_GameEvents_PlayerSessions_ActorPlayerSessionId" FOREIGN KEY ("ActorPlayerSessionId") REFERENCES "PlayerSessions" ("Id") ON DELETE SET NULL,
    CONSTRAINT "FK_GameEvents_RoundSessions_RoundSessionId" FOREIGN KEY ("RoundSessionId") REFERENCES "RoundSessions" ("Id") ON DELETE CASCADE
);
2026-03-09 21:27:51.944 +01:00 [INF] Executed DbCommand (0ms) [Parameters=[], CommandType='"Text"', CommandTimeout='30']
CREATE TABLE "GameSessions" (
    "Id" INTEGER NOT NULL CONSTRAINT "PK_GameSessions" PRIMARY KEY AUTOINCREMENT,
    "GameTemplateId" INTEGER NOT NULL,
    "Status" TEXT NOT NULL DEFAULT 'Pending',
    "CurrentPhase" TEXT NOT NULL DEFAULT 'WaitingForPlayers',
    "StartedAt" TEXT NULL,
    "FinishedAt" TEXT NULL,
    "CurrentRoundSessionId" INTEGER NULL,
    CONSTRAINT "FK_GameSessions_GameTemplates_GameTemplateId" FOREIGN KEY ("GameTemplateId") REFERENCES "GameTemplates" ("Id") ON DELETE RESTRICT,
    CONSTRAINT "FK_GameSessions_RoundSessions_CurrentRoundSessionId" FOREIGN KEY ("CurrentRoundSessionId") REFERENCES "RoundSessions" ("Id") ON DELETE SET NULL
);
2026-03-09 21:27:51.945 +01:00 [INF] Executed DbCommand (0ms) [Parameters=[], CommandType='"Text"', CommandTimeout='30']
CREATE TABLE "PlayerSessions" (
    "Id" INTEGER NOT NULL CONSTRAINT "PK_PlayerSessions" PRIMARY KEY AUTOINCREMENT,
    "GameSessionId" INTEGER NOT NULL,
    "PlayerTemplateId" INTEGER NOT NULL,
    "IsLoggedIn" INTEGER NOT NULL DEFAULT 0,
    "IsOnline" INTEGER NOT NULL DEFAULT 0,
    "LastSeen" TEXT NULL,
    "LocationLat" REAL NULL,
    "LocationLng" REAL NULL,
    "LocationUpdatedAt" TEXT NULL,
    CONSTRAINT "FK_PlayerSessions_GameSessions_GameSessionId" FOREIGN KEY ("GameSessionId") REFERENCES "GameSessions" ("Id") ON DELETE CASCADE,
    CONSTRAINT "FK_PlayerSessions_PlayerTemplates_PlayerTemplateId" FOREIGN KEY ("PlayerTemplateId") REFERENCES "PlayerTemplates" ("Id") ON DELETE RESTRICT
);
2026-03-09 21:27:51.946 +01:00 [INF] Executed DbCommand (0ms) [Parameters=[], CommandType='"Text"', CommandTimeout='30']
CREATE TABLE "TeamSessions" (
    "Id" INTEGER NOT NULL CONSTRAINT "PK_TeamSessions" PRIMARY KEY AUTOINCREMENT,
    "GameSessionId" INTEGER NOT NULL,
    "TeamTemplateId" INTEGER NOT NULL,
    "TotalScore" INTEGER NOT NULL DEFAULT 0,
    "TotalGold" INTEGER NOT NULL DEFAULT 0,
    "TotalVoters" INTEGER NOT NULL DEFAULT 0,
    "TotalLikes" INTEGER NOT NULL DEFAULT 0,
    "TotalOil" INTEGER NOT NULL DEFAULT 0,
    CONSTRAINT "FK_TeamSessions_GameSessions_GameSessionId" FOREIGN KEY ("GameSessionId") REFERENCES "GameSessions" ("Id") ON DELETE CASCADE,
    CONSTRAINT "FK_TeamSessions_TeamTemplates_TeamTemplateId" FOREIGN KEY ("TeamTemplateId") REFERENCES "TeamTemplates" ("Id") ON DELETE RESTRICT
);
2026-03-09 21:27:51.948 +01:00 [INF] Executed DbCommand (0ms) [Parameters=[], CommandType='"Text"', CommandTimeout='30']
CREATE TABLE "RoundSessions" (
    "Id" INTEGER NOT NULL CONSTRAINT "PK_RoundSessions" PRIMARY KEY AUTOINCREMENT,
    "GameSessionId" INTEGER NOT NULL,
    "RoundTemplateId" INTEGER NOT NULL,
    "Status" TEXT NOT NULL DEFAULT 'Gathering',
    "VotingEnabled" INTEGER NOT NULL DEFAULT 0,
    "VotingStartedAt" TEXT NULL,
    "WinnerTeamSessionId" INTEGER NULL,
    CONSTRAINT "FK_RoundSessions_GameSessions_GameSessionId" FOREIGN KEY ("GameSessionId") REFERENCES "GameSessions" ("Id") ON DELETE CASCADE,
    CONSTRAINT "FK_RoundSessions_RoundTemplates_RoundTemplateId" FOREIGN KEY ("RoundTemplateId") REFERENCES "RoundTemplates" ("Id") ON DELETE RESTRICT,
    CONSTRAINT "FK_RoundSessions_TeamSessions_WinnerTeamSessionId" FOREIGN KEY ("WinnerTeamSessionId") REFERENCES "TeamSessions" ("Id") ON DELETE SET NULL
);
2026-03-09 21:27:51.949 +01:00 [INF] Executed DbCommand (0ms) [Parameters=[], CommandType='"Text"', CommandTimeout='30']
CREATE TABLE "RoundSnapshots" (
    "Id" INTEGER NOT NULL CONSTRAINT "PK_RoundSnapshots" PRIMARY KEY AUTOINCREMENT,
    "RoundSessionId" INTEGER NOT NULL,
    "TeamSessionId" INTEGER NOT NULL,
    "Phase" TEXT NOT NULL,
    "Score" INTEGER NOT NULL,
    "Gold" INTEGER NOT NULL,
    "Voters" INTEGER NOT NULL,
    "Likes" INTEGER NOT NULL,
    "Oil" INTEGER NOT NULL,
    "SnapshotTaken" TEXT NOT NULL,
    CONSTRAINT "FK_RoundSnapshots_RoundSessions_RoundSessionId" FOREIGN KEY ("RoundSessionId") REFERENCES "RoundSessions" ("Id") ON DELETE CASCADE,
    CONSTRAINT "FK_RoundSnapshots_TeamSessions_TeamSessionId" FOREIGN KEY ("TeamSessionId") REFERENCES "TeamSessions" ("Id") ON DELETE CASCADE
);
2026-03-09 21:27:51.950 +01:00 [INF] Executed DbCommand (0ms) [Parameters=[], CommandType='"Text"', CommandTimeout='30']
CREATE TABLE "Votes" (
    "Id" INTEGER NOT NULL CONSTRAINT "PK_Votes" PRIMARY KEY AUTOINCREMENT,
    "RoundSessionId" INTEGER NOT NULL,
    "VotingTeamSessionId" INTEGER NOT NULL,
    "TargetTeamSessionId" INTEGER NOT NULL,
    "VoteValue" INTEGER NOT NULL,
    "IsAutocast" INTEGER NOT NULL DEFAULT 0,
    "CastAt" TEXT NOT NULL,
    CONSTRAINT "FK_Votes_RoundSessions_RoundSessionId" FOREIGN KEY ("RoundSessionId") REFERENCES "RoundSessions" ("Id") ON DELETE CASCADE,
    CONSTRAINT "FK_Votes_TeamSessions_TargetTeamSessionId" FOREIGN KEY ("TargetTeamSessionId") REFERENCES "TeamSessions" ("Id") ON DELETE RESTRICT,
    CONSTRAINT "FK_Votes_TeamSessions_VotingTeamSessionId" FOREIGN KEY ("VotingTeamSessionId") REFERENCES "TeamSessions" ("Id") ON DELETE RESTRICT
);
2026-03-09 21:27:51.951 +01:00 [INF] Executed DbCommand (0ms) [Parameters=[], CommandType='"Text"', CommandTimeout='30']
INSERT INTO "GameTemplates" ("Id", "DistrictCaptureRadiusMeters", "LocationUpdateIntervalSeconds", "MinLocationUpdateIntervalSeconds", "Name", "PredictionBonusPoints", "TotalRounds", "VoteTimeoutPenalty", "VotingDurationSeconds")
VALUES (1, 50.0, 30, 5, 'Demo Game', 150, 2, 50, 30);
SELECT changes();
2026-03-09 21:27:51.952 +01:00 [INF] Executed DbCommand (0ms) [Parameters=[], CommandType='"Text"', CommandTimeout='30']
INSERT INTO "RoundTemplates" ("Id", "GameTemplateId", "RoiResource", "RoundNumber", "Stake")
VALUES (1, 1, 'Gold', 1, 'Gold grant doubles for the winning team this round.');
SELECT changes();

INSERT INTO "RoundTemplates" ("Id", "GameTemplateId", "RoiResource", "RoundNumber", "Stake")
VALUES (2, 1, 'Voters', 2, 'Winning team gains a voter momentum bonus.');
SELECT changes();
2026-03-09 21:27:51.953 +01:00 [INF] Executed DbCommand (0ms) [Parameters=[], CommandType='"Text"', CommandTimeout='30']
INSERT INTO "TeamTemplates" ("Id", "Color", "GameTemplateId", "Name")
VALUES (1, '#1E88E5', 1, 'Alpha');
SELECT changes();

INSERT INTO "TeamTemplates" ("Id", "Color", "GameTemplateId", "Name")
VALUES (2, '#E53935', 1, 'Bravo');
SELECT changes();
2026-03-09 21:27:51.954 +01:00 [INF] Executed DbCommand (0ms) [Parameters=[], CommandType='"Text"', CommandTimeout='30']
INSERT INTO "PlayerTemplates" ("Id", "LoginToken", "Role", "TeamTemplateId")
VALUES (1, 'ALPHA_RUNNER', 'Runner', 1);
SELECT changes();

INSERT INTO "PlayerTemplates" ("Id", "LoginToken", "Role", "TeamTemplateId")
VALUES (2, 'ALPHA_LEADER', 'TeamLeader', 1);
SELECT changes();

INSERT INTO "PlayerTemplates" ("Id", "LoginToken", "Role", "TeamTemplateId")
VALUES (3, 'BRAVO_RUNNER', 'Runner', 2);
SELECT changes();

INSERT INTO "PlayerTemplates" ("Id", "LoginToken", "Role", "TeamTemplateId")
VALUES (4, 'BRAVO_LEADER', 'TeamLeader', 2);
SELECT changes();

INSERT INTO "PlayerTemplates" ("Id", "LoginToken", "Role", "TeamTemplateId")
VALUES (5, 'GM_DEMO', 'GameMaster', 1);
SELECT changes();
2026-03-09 21:27:51.955 +01:00 [INF] Executed DbCommand (0ms) [Parameters=[], CommandType='"Text"', CommandTimeout='30']
CREATE INDEX "IX_DistrictOwnershipSnapshots_DistrictSessionId" ON "DistrictOwnershipSnapshots" ("DistrictSessionId");
2026-03-09 21:27:51.955 +01:00 [INF] Executed DbCommand (0ms) [Parameters=[], CommandType='"Text"', CommandTimeout='30']
CREATE INDEX "IX_DistrictOwnershipSnapshots_OwnerTeamSessionId" ON "DistrictOwnershipSnapshots" ("OwnerTeamSessionId");
2026-03-09 21:27:51.957 +01:00 [INF] Executed DbCommand (0ms) [Parameters=[], CommandType='"Text"', CommandTimeout='30']
CREATE UNIQUE INDEX "IX_DistrictOwnershipSnapshots_RoundSessionId_DistrictSessionId_Phase" ON "DistrictOwnershipSnapshots" ("RoundSessionId", "DistrictSessionId", "Phase");
2026-03-09 21:27:51.958 +01:00 [INF] Executed DbCommand (0ms) [Parameters=[], CommandType='"Text"', CommandTimeout='30']
CREATE INDEX "IX_DistrictSessions_CurrentOwnerTeamSessionId" ON "DistrictSessions" ("CurrentOwnerTeamSessionId");
2026-03-09 21:27:51.959 +01:00 [INF] Executed DbCommand (0ms) [Parameters=[], CommandType='"Text"', CommandTimeout='30']
CREATE INDEX "IX_DistrictSessions_DistrictTemplateId" ON "DistrictSessions" ("DistrictTemplateId");
2026-03-09 21:27:51.960 +01:00 [INF] Executed DbCommand (0ms) [Parameters=[], CommandType='"Text"', CommandTimeout='30']
CREATE INDEX "IX_DistrictSessions_GameSessionId" ON "DistrictSessions" ("GameSessionId");
2026-03-09 21:27:51.961 +01:00 [INF] Executed DbCommand (0ms) [Parameters=[], CommandType='"Text"', CommandTimeout='30']
CREATE INDEX "IX_DistrictTemplates_GameTemplateId" ON "DistrictTemplates" ("GameTemplateId");
2026-03-09 21:27:51.963 +01:00 [INF] Executed DbCommand (0ms) [Parameters=[], CommandType='"Text"', CommandTimeout='30']
CREATE INDEX "IX_GameEvents_ActorPlayerSessionId" ON "GameEvents" ("ActorPlayerSessionId");
2026-03-09 21:27:51.965 +01:00 [INF] Executed DbCommand (0ms) [Parameters=[], CommandType='"Text"', CommandTimeout='30']
CREATE INDEX "IX_GameEvents_GameSessionId" ON "GameEvents" ("GameSessionId");
2026-03-09 21:27:51.966 +01:00 [INF] Executed DbCommand (0ms) [Parameters=[], CommandType='"Text"', CommandTimeout='30']
CREATE INDEX "IX_GameEvents_RoundSessionId" ON "GameEvents" ("RoundSessionId");
2026-03-09 21:27:51.967 +01:00 [INF] Executed DbCommand (0ms) [Parameters=[], CommandType='"Text"', CommandTimeout='30']
CREATE INDEX "IX_GameSessions_CurrentRoundSessionId" ON "GameSessions" ("CurrentRoundSessionId");
2026-03-09 21:27:51.968 +01:00 [INF] Executed DbCommand (0ms) [Parameters=[], CommandType='"Text"', CommandTimeout='30']
CREATE INDEX "IX_GameSessions_GameTemplateId" ON "GameSessions" ("GameTemplateId");
2026-03-09 21:27:51.969 +01:00 [INF] Executed DbCommand (0ms) [Parameters=[], CommandType='"Text"', CommandTimeout='30']
CREATE INDEX "IX_PlayerSessions_GameSessionId" ON "PlayerSessions" ("GameSessionId");
2026-03-09 21:27:51.970 +01:00 [INF] Executed DbCommand (0ms) [Parameters=[], CommandType='"Text"', CommandTimeout='30']
CREATE INDEX "IX_PlayerSessions_PlayerTemplateId" ON "PlayerSessions" ("PlayerTemplateId");
2026-03-09 21:27:51.972 +01:00 [INF] Executed DbCommand (0ms) [Parameters=[], CommandType='"Text"', CommandTimeout='30']
CREATE UNIQUE INDEX "IX_PlayerTemplates_LoginToken" ON "PlayerTemplates" ("LoginToken");
2026-03-09 21:27:51.973 +01:00 [INF] Executed DbCommand (0ms) [Parameters=[], CommandType='"Text"', CommandTimeout='30']
CREATE INDEX "IX_PlayerTemplates_TeamTemplateId" ON "PlayerTemplates" ("TeamTemplateId");
2026-03-09 21:27:51.975 +01:00 [INF] Executed DbCommand (0ms) [Parameters=[], CommandType='"Text"', CommandTimeout='30']
CREATE INDEX "IX_RoundSessions_GameSessionId" ON "RoundSessions" ("GameSessionId");
2026-03-09 21:27:51.976 +01:00 [INF] Executed DbCommand (0ms) [Parameters=[], CommandType='"Text"', CommandTimeout='30']
CREATE INDEX "IX_RoundSessions_RoundTemplateId" ON "RoundSessions" ("RoundTemplateId");
2026-03-09 21:27:51.977 +01:00 [INF] Executed DbCommand (0ms) [Parameters=[], CommandType='"Text"', CommandTimeout='30']
CREATE INDEX "IX_RoundSessions_WinnerTeamSessionId" ON "RoundSessions" ("WinnerTeamSessionId");
2026-03-09 21:27:51.979 +01:00 [INF] Executed DbCommand (0ms) [Parameters=[], CommandType='"Text"', CommandTimeout='30']
CREATE UNIQUE INDEX "IX_RoundSnapshots_RoundSessionId_TeamSessionId_Phase" ON "RoundSnapshots" ("RoundSessionId", "TeamSessionId", "Phase");
2026-03-09 21:27:51.980 +01:00 [INF] Executed DbCommand (0ms) [Parameters=[], CommandType='"Text"', CommandTimeout='30']
CREATE INDEX "IX_RoundSnapshots_TeamSessionId" ON "RoundSnapshots" ("TeamSessionId");
2026-03-09 21:27:51.981 +01:00 [INF] Executed DbCommand (0ms) [Parameters=[], CommandType='"Text"', CommandTimeout='30']
CREATE UNIQUE INDEX "IX_RoundTemplates_GameTemplateId_RoundNumber" ON "RoundTemplates" ("GameTemplateId", "RoundNumber");
2026-03-09 21:27:51.982 +01:00 [INF] Executed DbCommand (0ms) [Parameters=[], CommandType='"Text"', CommandTimeout='30']
CREATE INDEX "IX_TeamSessions_GameSessionId" ON "TeamSessions" ("GameSessionId");
2026-03-09 21:27:51.983 +01:00 [INF] Executed DbCommand (0ms) [Parameters=[], CommandType='"Text"', CommandTimeout='30']
CREATE INDEX "IX_TeamSessions_TeamTemplateId" ON "TeamSessions" ("TeamTemplateId");
2026-03-09 21:27:51.984 +01:00 [INF] Executed DbCommand (0ms) [Parameters=[], CommandType='"Text"', CommandTimeout='30']
CREATE UNIQUE INDEX "IX_TeamTemplates_GameTemplateId_Name" ON "TeamTemplates" ("GameTemplateId", "Name");
2026-03-09 21:27:51.985 +01:00 [INF] Executed DbCommand (0ms) [Parameters=[], CommandType='"Text"', CommandTimeout='30']
CREATE UNIQUE INDEX "IX_Votes_RoundSessionId_VotingTeamSessionId" ON "Votes" ("RoundSessionId", "VotingTeamSessionId");
2026-03-09 21:27:51.986 +01:00 [INF] Executed DbCommand (0ms) [Parameters=[], CommandType='"Text"', CommandTimeout='30']
CREATE INDEX "IX_Votes_TargetTeamSessionId" ON "Votes" ("TargetTeamSessionId");
2026-03-09 21:27:51.988 +01:00 [INF] Executed DbCommand (0ms) [Parameters=[], CommandType='"Text"', CommandTimeout='30']
CREATE INDEX "IX_Votes_VotingTeamSessionId" ON "Votes" ("VotingTeamSessionId");
2026-03-09 21:27:51.989 +01:00 [INF] Executed DbCommand (0ms) [Parameters=[], CommandType='"Text"', CommandTimeout='30']
INSERT INTO "__EFMigrationsHistory" ("MigrationId", "ProductVersion")
VALUES ('20260309202430_1_2_InitialSchema', '10.0.3');
2026-03-09 21:27:51.992 +01:00 [INF] Executed DbCommand (1ms) [Parameters=[], CommandType='"Text"', CommandTimeout='30']
DELETE FROM "__EFMigrationsLock";
2026-03-09 21:27:52.020 +01:00 [INF] Now listening on: http://localhost:5062
2026-03-09 21:27:52.022 +01:00 [INF] Application started. Press Ctrl+C to shut down.
2026-03-09 21:27:52.023 +01:00 [INF] Hosting environment: Development
2026-03-09 21:27:52.023 +01:00 [INF] Content root path: D:\Source\Repos\konqvist\src\Konqvist.Server
2026-03-09 21:35:00.232 +01:00 [INF] Executed DbCommand (7ms) [Parameters=[], CommandType='"Text"', CommandTimeout='30']
PRAGMA journal_mode = 'wal';
2026-03-09 21:35:00.262 +01:00 [INF] Acquiring an exclusive lock for migration application. See https://aka.ms/efcore-docs-migrations-lock for more information if this takes too long.
2026-03-09 21:35:00.268 +01:00 [INF] Executed DbCommand (3ms) [Parameters=[], CommandType='"Text"', CommandTimeout='30']
SELECT COUNT(*) FROM "sqlite_master" WHERE "name" = '__EFMigrationsLock' AND "type" = 'table';
2026-03-09 21:35:00.271 +01:00 [INF] Executed DbCommand (1ms) [Parameters=[], CommandType='"Text"', CommandTimeout='30']
CREATE TABLE IF NOT EXISTS "__EFMigrationsLock" (
    "Id" INTEGER NOT NULL CONSTRAINT "PK___EFMigrationsLock" PRIMARY KEY,
    "Timestamp" TEXT NOT NULL
);
2026-03-09 21:35:00.274 +01:00 [INF] Executed DbCommand (1ms) [Parameters=[], CommandType='"Text"', CommandTimeout='30']
INSERT OR IGNORE INTO "__EFMigrationsLock"("Id", "Timestamp") VALUES(1, '2026-03-09 20:35:00.2731309+00:00');
SELECT changes();
2026-03-09 21:35:00.312 +01:00 [INF] Executed DbCommand (0ms) [Parameters=[], CommandType='"Text"', CommandTimeout='30']
CREATE TABLE IF NOT EXISTS "__EFMigrationsHistory" (
    "MigrationId" TEXT NOT NULL CONSTRAINT "PK___EFMigrationsHistory" PRIMARY KEY,
    "ProductVersion" TEXT NOT NULL
);
2026-03-09 21:35:00.318 +01:00 [INF] Executed DbCommand (0ms) [Parameters=[], CommandType='"Text"', CommandTimeout='30']
SELECT COUNT(*) FROM "sqlite_master" WHERE "name" = '__EFMigrationsHistory' AND "type" = 'table';
2026-03-09 21:35:00.321 +01:00 [INF] Executed DbCommand (0ms) [Parameters=[], CommandType='"Text"', CommandTimeout='30']
SELECT "MigrationId", "ProductVersion"
FROM "__EFMigrationsHistory"
ORDER BY "MigrationId";
2026-03-09 21:35:00.328 +01:00 [INF] Applying migration '20260309202430_1_2_InitialSchema'.
2026-03-09 21:35:00.362 +01:00 [INF] Executed DbCommand (0ms) [Parameters=[], CommandType='"Text"', CommandTimeout='30']
CREATE TABLE "GameTemplates" (
    "Id" INTEGER NOT NULL CONSTRAINT "PK_GameTemplates" PRIMARY KEY AUTOINCREMENT,
    "Name" TEXT NOT NULL,
    "TotalRounds" INTEGER NOT NULL DEFAULT 4,
    "LocationUpdateIntervalSeconds" INTEGER NOT NULL DEFAULT 30,
    "MinLocationUpdateIntervalSeconds" INTEGER NOT NULL DEFAULT 5,
    "VotingDurationSeconds" INTEGER NOT NULL DEFAULT 30,
    "PredictionBonusPoints" INTEGER NOT NULL DEFAULT 150,
    "VoteTimeoutPenalty" INTEGER NOT NULL,
    "DistrictCaptureRadiusMeters" REAL NOT NULL DEFAULT 50.0
);
2026-03-09 21:35:00.363 +01:00 [INF] Executed DbCommand (0ms) [Parameters=[], CommandType='"Text"', CommandTimeout='30']
CREATE TABLE "DistrictTemplates" (
    "Id" INTEGER NOT NULL CONSTRAINT "PK_DistrictTemplates" PRIMARY KEY AUTOINCREMENT,
    "GameTemplateId" INTEGER NOT NULL,
    "Name" TEXT NOT NULL,
    "GeoJson" TEXT NOT NULL,
    "TriggerLat" REAL NOT NULL,
    "TriggerLng" REAL NOT NULL,
    "TriggerRadiusMeters" REAL NULL,
    "Gold" INTEGER NOT NULL,
    "Voters" INTEGER NOT NULL,
    "Likes" INTEGER NOT NULL,
    "Oil" INTEGER NOT NULL,
    CONSTRAINT "FK_DistrictTemplates_GameTemplates_GameTemplateId" FOREIGN KEY ("GameTemplateId") REFERENCES "GameTemplates" ("Id") ON DELETE CASCADE
);
2026-03-09 21:35:00.365 +01:00 [INF] Executed DbCommand (0ms) [Parameters=[], CommandType='"Text"', CommandTimeout='30']
CREATE TABLE "RoundTemplates" (
    "Id" INTEGER NOT NULL CONSTRAINT "PK_RoundTemplates" PRIMARY KEY AUTOINCREMENT,
    "GameTemplateId" INTEGER NOT NULL,
    "RoundNumber" INTEGER NOT NULL,
    "RoiResource" TEXT NOT NULL,
    "Stake" TEXT NOT NULL,
    CONSTRAINT "FK_RoundTemplates_GameTemplates_GameTemplateId" FOREIGN KEY ("GameTemplateId") REFERENCES "GameTemplates" ("Id") ON DELETE CASCADE
);
2026-03-09 21:35:00.367 +01:00 [INF] Executed DbCommand (0ms) [Parameters=[], CommandType='"Text"', CommandTimeout='30']
CREATE TABLE "TeamTemplates" (
    "Id" INTEGER NOT NULL CONSTRAINT "PK_TeamTemplates" PRIMARY KEY AUTOINCREMENT,
    "GameTemplateId" INTEGER NOT NULL,
    "Name" TEXT NOT NULL,
    "Color" TEXT NOT NULL,
    CONSTRAINT "FK_TeamTemplates_GameTemplates_GameTemplateId" FOREIGN KEY ("GameTemplateId") REFERENCES "GameTemplates" ("Id") ON DELETE CASCADE
);
2026-03-09 21:35:00.370 +01:00 [INF] Executed DbCommand (0ms) [Parameters=[], CommandType='"Text"', CommandTimeout='30']
CREATE TABLE "PlayerTemplates" (
    "Id" INTEGER NOT NULL CONSTRAINT "PK_PlayerTemplates" PRIMARY KEY AUTOINCREMENT,
    "TeamTemplateId" INTEGER NOT NULL,
    "LoginToken" TEXT NOT NULL,
    "Role" TEXT NOT NULL,
    CONSTRAINT "FK_PlayerTemplates_TeamTemplates_TeamTemplateId" FOREIGN KEY ("TeamTemplateId") REFERENCES "TeamTemplates" ("Id") ON DELETE CASCADE
);
2026-03-09 21:35:00.371 +01:00 [INF] Executed DbCommand (0ms) [Parameters=[], CommandType='"Text"', CommandTimeout='30']
CREATE TABLE "DistrictOwnershipSnapshots" (
    "Id" INTEGER NOT NULL CONSTRAINT "PK_DistrictOwnershipSnapshots" PRIMARY KEY AUTOINCREMENT,
    "RoundSessionId" INTEGER NOT NULL,
    "DistrictSessionId" INTEGER NOT NULL,
    "OwnerTeamSessionId" INTEGER NULL,
    "Phase" TEXT NOT NULL,
    "SnapshotTaken" TEXT NOT NULL,
    CONSTRAINT "FK_DistrictOwnershipSnapshots_DistrictSessions_DistrictSessionId" FOREIGN KEY ("DistrictSessionId") REFERENCES "DistrictSessions" ("Id") ON DELETE CASCADE,
    CONSTRAINT "FK_DistrictOwnershipSnapshots_RoundSessions_RoundSessionId" FOREIGN KEY ("RoundSessionId") REFERENCES "RoundSessions" ("Id") ON DELETE CASCADE,
    CONSTRAINT "FK_DistrictOwnershipSnapshots_TeamSessions_OwnerTeamSessionId" FOREIGN KEY ("OwnerTeamSessionId") REFERENCES "TeamSessions" ("Id") ON DELETE SET NULL
);
2026-03-09 21:35:00.372 +01:00 [INF] Executed DbCommand (0ms) [Parameters=[], CommandType='"Text"', CommandTimeout='30']
CREATE TABLE "DistrictSessions" (
    "Id" INTEGER NOT NULL CONSTRAINT "PK_DistrictSessions" PRIMARY KEY AUTOINCREMENT,
    "GameSessionId" INTEGER NOT NULL,
    "DistrictTemplateId" INTEGER NOT NULL,
    "CurrentOwnerTeamSessionId" INTEGER NULL,
    "IsClaimedThisRound" INTEGER NOT NULL DEFAULT 0,
    "LastClaimedAt" TEXT NULL,
    CONSTRAINT "FK_DistrictSessions_DistrictTemplates_DistrictTemplateId" FOREIGN KEY ("DistrictTemplateId") REFERENCES "DistrictTemplates" ("Id") ON DELETE RESTRICT,
    CONSTRAINT "FK_DistrictSessions_GameSessions_GameSessionId" FOREIGN KEY ("GameSessionId") REFERENCES "GameSessions" ("Id") ON DELETE CASCADE,
    CONSTRAINT "FK_DistrictSessions_TeamSessions_CurrentOwnerTeamSessionId" FOREIGN KEY ("CurrentOwnerTeamSessionId") REFERENCES "TeamSessions" ("Id") ON DELETE SET NULL
);
2026-03-09 21:35:00.374 +01:00 [INF] Executed DbCommand (0ms) [Parameters=[], CommandType='"Text"', CommandTimeout='30']
CREATE TABLE "GameEvents" (
    "Id" INTEGER NOT NULL CONSTRAINT "PK_GameEvents" PRIMARY KEY AUTOINCREMENT,
    "GameSessionId" INTEGER NOT NULL,
    "RoundSessionId" INTEGER NULL,
    "EventType" TEXT NOT NULL,
    "Payload" TEXT NOT NULL,
    "OccurredAt" TEXT NOT NULL,
    "ActorPlayerSessionId" INTEGER NULL,
    CONSTRAINT "FK_GameEvents_GameSessions_GameSessionId" FOREIGN KEY ("GameSessionId") REFERENCES "GameSessions" ("Id") ON DELETE CASCADE,
    CONSTRAINT "FK_GameEvents_PlayerSessions_ActorPlayerSessionId" FOREIGN KEY ("ActorPlayerSessionId") REFERENCES "PlayerSessions" ("Id") ON DELETE SET NULL,
    CONSTRAINT "FK_GameEvents_RoundSessions_RoundSessionId" FOREIGN KEY ("RoundSessionId") REFERENCES "RoundSessions" ("Id") ON DELETE CASCADE
);
2026-03-09 21:35:00.375 +01:00 [INF] Executed DbCommand (0ms) [Parameters=[], CommandType='"Text"', CommandTimeout='30']
CREATE TABLE "GameSessions" (
    "Id" INTEGER NOT NULL CONSTRAINT "PK_GameSessions" PRIMARY KEY AUTOINCREMENT,
    "GameTemplateId" INTEGER NOT NULL,
    "Status" TEXT NOT NULL DEFAULT 'Pending',
    "CurrentPhase" TEXT NOT NULL DEFAULT 'WaitingForPlayers',
    "StartedAt" TEXT NULL,
    "FinishedAt" TEXT NULL,
    "CurrentRoundSessionId" INTEGER NULL,
    CONSTRAINT "FK_GameSessions_GameTemplates_GameTemplateId" FOREIGN KEY ("GameTemplateId") REFERENCES "GameTemplates" ("Id") ON DELETE RESTRICT,
    CONSTRAINT "FK_GameSessions_RoundSessions_CurrentRoundSessionId" FOREIGN KEY ("CurrentRoundSessionId") REFERENCES "RoundSessions" ("Id") ON DELETE SET NULL
);
2026-03-09 21:35:00.376 +01:00 [INF] Executed DbCommand (0ms) [Parameters=[], CommandType='"Text"', CommandTimeout='30']
CREATE TABLE "PlayerSessions" (
    "Id" INTEGER NOT NULL CONSTRAINT "PK_PlayerSessions" PRIMARY KEY AUTOINCREMENT,
    "GameSessionId" INTEGER NOT NULL,
    "PlayerTemplateId" INTEGER NOT NULL,
    "IsLoggedIn" INTEGER NOT NULL DEFAULT 0,
    "IsOnline" INTEGER NOT NULL DEFAULT 0,
    "LastSeen" TEXT NULL,
    "LocationLat" REAL NULL,
    "LocationLng" REAL NULL,
    "LocationUpdatedAt" TEXT NULL,
    CONSTRAINT "FK_PlayerSessions_GameSessions_GameSessionId" FOREIGN KEY ("GameSessionId") REFERENCES "GameSessions" ("Id") ON DELETE CASCADE,
    CONSTRAINT "FK_PlayerSessions_PlayerTemplates_PlayerTemplateId" FOREIGN KEY ("PlayerTemplateId") REFERENCES "PlayerTemplates" ("Id") ON DELETE RESTRICT
);
2026-03-09 21:35:00.378 +01:00 [INF] Executed DbCommand (0ms) [Parameters=[], CommandType='"Text"', CommandTimeout='30']
CREATE TABLE "TeamSessions" (
    "Id" INTEGER NOT NULL CONSTRAINT "PK_TeamSessions" PRIMARY KEY AUTOINCREMENT,
    "GameSessionId" INTEGER NOT NULL,
    "TeamTemplateId" INTEGER NOT NULL,
    "TotalScore" INTEGER NOT NULL DEFAULT 0,
    "TotalGold" INTEGER NOT NULL DEFAULT 0,
    "TotalVoters" INTEGER NOT NULL DEFAULT 0,
    "TotalLikes" INTEGER NOT NULL DEFAULT 0,
    "TotalOil" INTEGER NOT NULL DEFAULT 0,
    CONSTRAINT "FK_TeamSessions_GameSessions_GameSessionId" FOREIGN KEY ("GameSessionId") REFERENCES "GameSessions" ("Id") ON DELETE CASCADE,
    CONSTRAINT "FK_TeamSessions_TeamTemplates_TeamTemplateId" FOREIGN KEY ("TeamTemplateId") REFERENCES "TeamTemplates" ("Id") ON DELETE RESTRICT
);
2026-03-09 21:35:00.379 +01:00 [INF] Executed DbCommand (0ms) [Parameters=[], CommandType='"Text"', CommandTimeout='30']
CREATE TABLE "RoundSessions" (
    "Id" INTEGER NOT NULL CONSTRAINT "PK_RoundSessions" PRIMARY KEY AUTOINCREMENT,
    "GameSessionId" INTEGER NOT NULL,
    "RoundTemplateId" INTEGER NOT NULL,
    "Status" TEXT NOT NULL DEFAULT 'Gathering',
    "VotingEnabled" INTEGER NOT NULL DEFAULT 0,
    "VotingStartedAt" TEXT NULL,
    "WinnerTeamSessionId" INTEGER NULL,
    CONSTRAINT "FK_RoundSessions_GameSessions_GameSessionId" FOREIGN KEY ("GameSessionId") REFERENCES "GameSessions" ("Id") ON DELETE CASCADE,
    CONSTRAINT "FK_RoundSessions_RoundTemplates_RoundTemplateId" FOREIGN KEY ("RoundTemplateId") REFERENCES "RoundTemplates" ("Id") ON DELETE RESTRICT,
    CONSTRAINT "FK_RoundSessions_TeamSessions_WinnerTeamSessionId" FOREIGN KEY ("WinnerTeamSessionId") REFERENCES "TeamSessions" ("Id") ON DELETE SET NULL
);
2026-03-09 21:35:00.381 +01:00 [INF] Executed DbCommand (0ms) [Parameters=[], CommandType='"Text"', CommandTimeout='30']
CREATE TABLE "RoundSnapshots" (
    "Id" INTEGER NOT NULL CONSTRAINT "PK_RoundSnapshots" PRIMARY KEY AUTOINCREMENT,
    "RoundSessionId" INTEGER NOT NULL,
    "TeamSessionId" INTEGER NOT NULL,
    "Phase" TEXT NOT NULL,
    "Score" INTEGER NOT NULL,
    "Gold" INTEGER NOT NULL,
    "Voters" INTEGER NOT NULL,
    "Likes" INTEGER NOT NULL,
    "Oil" INTEGER NOT NULL,
    "SnapshotTaken" TEXT NOT NULL,
    CONSTRAINT "FK_RoundSnapshots_RoundSessions_RoundSessionId" FOREIGN KEY ("RoundSessionId") REFERENCES "RoundSessions" ("Id") ON DELETE CASCADE,
    CONSTRAINT "FK_RoundSnapshots_TeamSessions_TeamSessionId" FOREIGN KEY ("TeamSessionId") REFERENCES "TeamSessions" ("Id") ON DELETE CASCADE
);
2026-03-09 21:35:00.384 +01:00 [INF] Executed DbCommand (0ms) [Parameters=[], CommandType='"Text"', CommandTimeout='30']
CREATE TABLE "Votes" (
    "Id" INTEGER NOT NULL CONSTRAINT "PK_Votes" PRIMARY KEY AUTOINCREMENT,
    "RoundSessionId" INTEGER NOT NULL,
    "VotingTeamSessionId" INTEGER NOT NULL,
    "TargetTeamSessionId" INTEGER NOT NULL,
    "VoteValue" INTEGER NOT NULL,
    "IsAutocast" INTEGER NOT NULL DEFAULT 0,
    "CastAt" TEXT NOT NULL,
    CONSTRAINT "FK_Votes_RoundSessions_RoundSessionId" FOREIGN KEY ("RoundSessionId") REFERENCES "RoundSessions" ("Id") ON DELETE CASCADE,
    CONSTRAINT "FK_Votes_TeamSessions_TargetTeamSessionId" FOREIGN KEY ("TargetTeamSessionId") REFERENCES "TeamSessions" ("Id") ON DELETE RESTRICT,
    CONSTRAINT "FK_Votes_TeamSessions_VotingTeamSessionId" FOREIGN KEY ("VotingTeamSessionId") REFERENCES "TeamSessions" ("Id") ON DELETE RESTRICT
);
2026-03-09 21:35:00.385 +01:00 [INF] Executed DbCommand (0ms) [Parameters=[], CommandType='"Text"', CommandTimeout='30']
INSERT INTO "GameTemplates" ("Id", "DistrictCaptureRadiusMeters", "LocationUpdateIntervalSeconds", "MinLocationUpdateIntervalSeconds", "Name", "PredictionBonusPoints", "TotalRounds", "VoteTimeoutPenalty", "VotingDurationSeconds")
VALUES (1, 50.0, 30, 5, 'Demo Game', 150, 2, 50, 30);
SELECT changes();
2026-03-09 21:35:00.388 +01:00 [INF] Executed DbCommand (0ms) [Parameters=[], CommandType='"Text"', CommandTimeout='30']
INSERT INTO "RoundTemplates" ("Id", "GameTemplateId", "RoiResource", "RoundNumber", "Stake")
VALUES (1, 1, 'Gold', 1, 'Gold grant doubles for the winning team this round.');
SELECT changes();

INSERT INTO "RoundTemplates" ("Id", "GameTemplateId", "RoiResource", "RoundNumber", "Stake")
VALUES (2, 1, 'Voters', 2, 'Winning team gains a voter momentum bonus.');
SELECT changes();
2026-03-09 21:35:00.389 +01:00 [INF] Executed DbCommand (0ms) [Parameters=[], CommandType='"Text"', CommandTimeout='30']
INSERT INTO "TeamTemplates" ("Id", "Color", "GameTemplateId", "Name")
VALUES (1, '#1E88E5', 1, 'Alpha');
SELECT changes();

INSERT INTO "TeamTemplates" ("Id", "Color", "GameTemplateId", "Name")
VALUES (2, '#E53935', 1, 'Bravo');
SELECT changes();
2026-03-09 21:35:00.391 +01:00 [INF] Executed DbCommand (0ms) [Parameters=[], CommandType='"Text"', CommandTimeout='30']
INSERT INTO "PlayerTemplates" ("Id", "LoginToken", "Role", "TeamTemplateId")
VALUES (1, 'ALPHA_RUNNER', 'Runner', 1);
SELECT changes();

INSERT INTO "PlayerTemplates" ("Id", "LoginToken", "Role", "TeamTemplateId")
VALUES (2, 'ALPHA_LEADER', 'TeamLeader', 1);
SELECT changes();

INSERT INTO "PlayerTemplates" ("Id", "LoginToken", "Role", "TeamTemplateId")
VALUES (3, 'BRAVO_RUNNER', 'Runner', 2);
SELECT changes();

INSERT INTO "PlayerTemplates" ("Id", "LoginToken", "Role", "TeamTemplateId")
VALUES (4, 'BRAVO_LEADER', 'TeamLeader', 2);
SELECT changes();

INSERT INTO "PlayerTemplates" ("Id", "LoginToken", "Role", "TeamTemplateId")
VALUES (5, 'GM_DEMO', 'GameMaster', 1);
SELECT changes();
2026-03-09 21:35:00.392 +01:00 [INF] Executed DbCommand (0ms) [Parameters=[], CommandType='"Text"', CommandTimeout='30']
CREATE INDEX "IX_DistrictOwnershipSnapshots_DistrictSessionId" ON "DistrictOwnershipSnapshots" ("DistrictSessionId");
2026-03-09 21:35:00.393 +01:00 [INF] Executed DbCommand (0ms) [Parameters=[], CommandType='"Text"', CommandTimeout='30']
CREATE INDEX "IX_DistrictOwnershipSnapshots_OwnerTeamSessionId" ON "DistrictOwnershipSnapshots" ("OwnerTeamSessionId");
2026-03-09 21:35:00.395 +01:00 [INF] Executed DbCommand (0ms) [Parameters=[], CommandType='"Text"', CommandTimeout='30']
CREATE UNIQUE INDEX "IX_DistrictOwnershipSnapshots_RoundSessionId_DistrictSessionId_Phase" ON "DistrictOwnershipSnapshots" ("RoundSessionId", "DistrictSessionId", "Phase");
2026-03-09 21:35:00.396 +01:00 [INF] Executed DbCommand (0ms) [Parameters=[], CommandType='"Text"', CommandTimeout='30']
CREATE INDEX "IX_DistrictSessions_CurrentOwnerTeamSessionId" ON "DistrictSessions" ("CurrentOwnerTeamSessionId");
2026-03-09 21:35:00.397 +01:00 [INF] Executed DbCommand (0ms) [Parameters=[], CommandType='"Text"', CommandTimeout='30']
CREATE INDEX "IX_DistrictSessions_DistrictTemplateId" ON "DistrictSessions" ("DistrictTemplateId");
2026-03-09 21:35:00.399 +01:00 [INF] Executed DbCommand (0ms) [Parameters=[], CommandType='"Text"', CommandTimeout='30']
CREATE INDEX "IX_DistrictSessions_GameSessionId" ON "DistrictSessions" ("GameSessionId");
2026-03-09 21:35:00.400 +01:00 [INF] Executed DbCommand (0ms) [Parameters=[], CommandType='"Text"', CommandTimeout='30']
CREATE INDEX "IX_DistrictTemplates_GameTemplateId" ON "DistrictTemplates" ("GameTemplateId");
2026-03-09 21:35:00.401 +01:00 [INF] Executed DbCommand (0ms) [Parameters=[], CommandType='"Text"', CommandTimeout='30']
CREATE INDEX "IX_GameEvents_ActorPlayerSessionId" ON "GameEvents" ("ActorPlayerSessionId");
2026-03-09 21:35:00.403 +01:00 [INF] Executed DbCommand (0ms) [Parameters=[], CommandType='"Text"', CommandTimeout='30']
CREATE INDEX "IX_GameEvents_GameSessionId" ON "GameEvents" ("GameSessionId");
2026-03-09 21:35:00.405 +01:00 [INF] Executed DbCommand (0ms) [Parameters=[], CommandType='"Text"', CommandTimeout='30']
CREATE INDEX "IX_GameEvents_RoundSessionId" ON "GameEvents" ("RoundSessionId");
2026-03-09 21:35:00.406 +01:00 [INF] Executed DbCommand (0ms) [Parameters=[], CommandType='"Text"', CommandTimeout='30']
CREATE INDEX "IX_GameSessions_CurrentRoundSessionId" ON "GameSessions" ("CurrentRoundSessionId");
2026-03-09 21:35:00.408 +01:00 [INF] Executed DbCommand (0ms) [Parameters=[], CommandType='"Text"', CommandTimeout='30']
CREATE INDEX "IX_GameSessions_GameTemplateId" ON "GameSessions" ("GameTemplateId");
2026-03-09 21:35:00.410 +01:00 [INF] Executed DbCommand (0ms) [Parameters=[], CommandType='"Text"', CommandTimeout='30']
CREATE INDEX "IX_PlayerSessions_GameSessionId" ON "PlayerSessions" ("GameSessionId");
2026-03-09 21:35:00.411 +01:00 [INF] Executed DbCommand (0ms) [Parameters=[], CommandType='"Text"', CommandTimeout='30']
CREATE INDEX "IX_PlayerSessions_PlayerTemplateId" ON "PlayerSessions" ("PlayerTemplateId");
2026-03-09 21:35:00.412 +01:00 [INF] Executed DbCommand (0ms) [Parameters=[], CommandType='"Text"', CommandTimeout='30']
CREATE UNIQUE INDEX "IX_PlayerTemplates_LoginToken" ON "PlayerTemplates" ("LoginToken");
2026-03-09 21:35:00.413 +01:00 [INF] Executed DbCommand (0ms) [Parameters=[], CommandType='"Text"', CommandTimeout='30']
CREATE INDEX "IX_PlayerTemplates_TeamTemplateId" ON "PlayerTemplates" ("TeamTemplateId");
2026-03-09 21:35:00.415 +01:00 [INF] Executed DbCommand (0ms) [Parameters=[], CommandType='"Text"', CommandTimeout='30']
CREATE INDEX "IX_RoundSessions_GameSessionId" ON "RoundSessions" ("GameSessionId");
2026-03-09 21:35:00.416 +01:00 [INF] Executed DbCommand (0ms) [Parameters=[], CommandType='"Text"', CommandTimeout='30']
CREATE INDEX "IX_RoundSessions_RoundTemplateId" ON "RoundSessions" ("RoundTemplateId");
2026-03-09 21:35:00.417 +01:00 [INF] Executed DbCommand (0ms) [Parameters=[], CommandType='"Text"', CommandTimeout='30']
CREATE INDEX "IX_RoundSessions_WinnerTeamSessionId" ON "RoundSessions" ("WinnerTeamSessionId");
2026-03-09 21:35:00.418 +01:00 [INF] Executed DbCommand (0ms) [Parameters=[], CommandType='"Text"', CommandTimeout='30']
CREATE UNIQUE INDEX "IX_RoundSnapshots_RoundSessionId_TeamSessionId_Phase" ON "RoundSnapshots" ("RoundSessionId", "TeamSessionId", "Phase");
2026-03-09 21:35:00.420 +01:00 [INF] Executed DbCommand (0ms) [Parameters=[], CommandType='"Text"', CommandTimeout='30']
CREATE INDEX "IX_RoundSnapshots_TeamSessionId" ON "RoundSnapshots" ("TeamSessionId");
2026-03-09 21:35:00.421 +01:00 [INF] Executed DbCommand (0ms) [Parameters=[], CommandType='"Text"', CommandTimeout='30']
CREATE UNIQUE INDEX "IX_RoundTemplates_GameTemplateId_RoundNumber" ON "RoundTemplates" ("GameTemplateId", "RoundNumber");
2026-03-09 21:35:00.422 +01:00 [INF] Executed DbCommand (0ms) [Parameters=[], CommandType='"Text"', CommandTimeout='30']
CREATE INDEX "IX_TeamSessions_GameSessionId" ON "TeamSessions" ("GameSessionId");
2026-03-09 21:35:00.424 +01:00 [INF] Executed DbCommand (0ms) [Parameters=[], CommandType='"Text"', CommandTimeout='30']
CREATE INDEX "IX_TeamSessions_TeamTemplateId" ON "TeamSessions" ("TeamTemplateId");
2026-03-09 21:35:00.425 +01:00 [INF] Executed DbCommand (0ms) [Parameters=[], CommandType='"Text"', CommandTimeout='30']
CREATE UNIQUE INDEX "IX_TeamTemplates_GameTemplateId_Name" ON "TeamTemplates" ("GameTemplateId", "Name");
2026-03-09 21:35:00.426 +01:00 [INF] Executed DbCommand (0ms) [Parameters=[], CommandType='"Text"', CommandTimeout='30']
CREATE UNIQUE INDEX "IX_Votes_RoundSessionId_VotingTeamSessionId" ON "Votes" ("RoundSessionId", "VotingTeamSessionId");
2026-03-09 21:35:00.427 +01:00 [INF] Executed DbCommand (0ms) [Parameters=[], CommandType='"Text"', CommandTimeout='30']
CREATE INDEX "IX_Votes_TargetTeamSessionId" ON "Votes" ("TargetTeamSessionId");
2026-03-09 21:35:00.428 +01:00 [INF] Executed DbCommand (0ms) [Parameters=[], CommandType='"Text"', CommandTimeout='30']
CREATE INDEX "IX_Votes_VotingTeamSessionId" ON "Votes" ("VotingTeamSessionId");
2026-03-09 21:35:00.430 +01:00 [INF] Executed DbCommand (0ms) [Parameters=[], CommandType='"Text"', CommandTimeout='30']
INSERT INTO "__EFMigrationsHistory" ("MigrationId", "ProductVersion")
VALUES ('20260309202430_1_2_InitialSchema', '10.0.3');
2026-03-09 21:35:00.437 +01:00 [INF] Executed DbCommand (1ms) [Parameters=[], CommandType='"Text"', CommandTimeout='30']
DELETE FROM "__EFMigrationsLock";
2026-03-09 21:35:00.467 +01:00 [INF] Now listening on: http://localhost:5062
2026-03-09 21:35:00.470 +01:00 [INF] Application started. Press Ctrl+C to shut down.
2026-03-09 21:35:00.470 +01:00 [INF] Hosting environment: Development
2026-03-09 21:35:00.471 +01:00 [INF] Content root path: D:\Source\Repos\konqvist\src\Konqvist.Server
2026-03-09 21:35:12.214 +01:00 [INF] Request starting HTTP/1.1 GET http://localhost:5062/ - null null
2026-03-09 21:35:12.250 +01:00 [WRN] Failed to determine the https port for redirect.
2026-03-09 21:35:12.257 +01:00 [INF] HTTP GET / responded 404 in 1.8264 ms
2026-03-09 21:35:12.268 +01:00 [INF] Request finished HTTP/1.1 GET http://localhost:5062/ - 404 0 null 56.0284ms
2026-03-09 21:35:12.274 +01:00 [INF] Request reached the end of the middleware pipeline without being handled by application code. Request path: GET http://localhost:5062/, Response status code: 404
2026-03-09 21:44:11.516 +01:00 [INF] Application is shutting down...
