2026-03-10 00:31:40.352 +01:00 [INF] Acquiring an exclusive lock for migration application. See https://aka.ms/efcore-docs-migrations-lock for more information if this takes too long.
2026-03-10 00:31:40.397 +01:00 [INF] Executed DbCommand (10ms) [Parameters=[], CommandType='"Text"', CommandTimeout='30']
SELECT COUNT(*) FROM "sqlite_master" WHERE "name" = '__EFMigrationsLock' AND "type" = 'table';
2026-03-10 00:31:40.409 +01:00 [INF] Executed DbCommand (5ms) [Parameters=[], CommandType='"Text"', CommandTimeout='30']
INSERT OR IGNORE INTO "__EFMigrationsLock"("Id", "Timestamp") VALUES(1, '2026-03-09 23:31:40.4033904+00:00');
SELECT changes();
2026-03-10 00:31:40.444 +01:00 [INF] Executed DbCommand (0ms) [Parameters=[], CommandType='"Text"', CommandTimeout='30']
CREATE TABLE IF NOT EXISTS "__EFMigrationsHistory" (
    "MigrationId" TEXT NOT NULL CONSTRAINT "PK___EFMigrationsHistory" PRIMARY KEY,
    "ProductVersion" TEXT NOT NULL
);
2026-03-10 00:31:40.450 +01:00 [INF] Executed DbCommand (0ms) [Parameters=[], CommandType='"Text"', CommandTimeout='30']
SELECT COUNT(*) FROM "sqlite_master" WHERE "name" = '__EFMigrationsHistory' AND "type" = 'table';
2026-03-10 00:31:40.453 +01:00 [INF] Executed DbCommand (0ms) [Parameters=[], CommandType='"Text"', CommandTimeout='30']
SELECT "MigrationId", "ProductVersion"
FROM "__EFMigrationsHistory"
ORDER BY "MigrationId";
2026-03-10 00:31:40.459 +01:00 [INF] No migrations were applied. The database is already up to date.
2026-03-10 00:31:40.462 +01:00 [INF] Executed DbCommand (2ms) [Parameters=[], CommandType='"Text"', CommandTimeout='30']
DELETE FROM "__EFMigrationsLock";
2026-03-10 00:31:40.499 +01:00 [INF] Now listening on: http://localhost:5062
2026-03-10 00:31:40.500 +01:00 [INF] Application started. Press Ctrl+C to shut down.
2026-03-10 00:31:40.501 +01:00 [INF] Hosting environment: Development
2026-03-10 00:31:40.502 +01:00 [INF] Content root path: D:\Source\Repos\konqvist\src\Konqvist.Server
2026-03-10 00:31:48.689 +01:00 [INF] Request starting HTTP/1.1 GET http://localhost:5062/ - null null
2026-03-10 00:31:48.738 +01:00 [WRN] Failed to determine the https port for redirect.
2026-03-10 00:31:48.746 +01:00 [INF] HTTP GET / responded 404 in 1.9050 ms
2026-03-10 00:31:48.753 +01:00 [INF] Request finished HTTP/1.1 GET http://localhost:5062/ - 404 0 null 66.0083ms
2026-03-10 00:31:48.762 +01:00 [INF] Request reached the end of the middleware pipeline without being handled by application code. Request path: GET http://localhost:5062/, Response status code: 404
2026-03-10 00:31:57.006 +01:00 [INF] Application is shutting down...
